<?xml version="1.0" encoding="UTF-8"?>
<!-- Generated by org.testng.reporters.JUnitXMLReporter -->
<testsuite ignored="0" hostname="LAPTOP-IGNMGMC1" failures="0" tests="2" name="RetirementCalculatorTest" time="0.048" errors="0" timestamp="23 Sep 2022 14:26:07 GMT">
  <testcase classname="com.qa.preretirementcalculator.base.BaseTest" name="@BeforeTest setup" time="0.012">
    <failure type="java.lang.NoClassDefFoundError" message="com/qa/preretirementcalculator/factory/DriverFactory">
      <![CDATA[java.lang.NoClassDefFoundError: com/qa/preretirementcalculator/factory/DriverFactory
at com.qa.preretirementcalculator.base.BaseTest.setup(BaseTest.java:23)
at java.base/jdk.internal.reflect.NativeMethodAccessorImpl.invoke0(Native Method)
at java.base/jdk.internal.reflect.NativeMethodAccessorImpl.invoke(NativeMethodAccessorImpl.java:64)
at java.base/jdk.internal.reflect.DelegatingMethodAccessorImpl.invoke(DelegatingMethodAccessorImpl.java:43)
at java.base/java.lang.reflect.Method.invoke(Method.java:564)
at org.testng.internal.MethodInvocationHelper.invokeMethod(MethodInvocationHelper.java:124)
at org.testng.internal.MethodInvocationHelper.invokeMethodConsideringTimeout(MethodInvocationHelper.java:59)
at org.testng.internal.Invoker.invokeConfigurationMethod(Invoker.java:458)
at org.testng.internal.Invoker.invokeConfigurations(Invoker.java:222)
at org.testng.internal.Invoker.invokeConfigurations(Invoker.java:142)
at org.testng.TestRunner.beforeRun(TestRunner.java:529)
at org.testng.TestRunner.run(TestRunner.java:497)
at org.testng.SuiteRunner.runTest(SuiteRunner.java:455)
at org.testng.SuiteRunner.runSequentially(SuiteRunner.java:450)
at org.testng.SuiteRunner.privateRun(SuiteRunner.java:415)
at org.testng.SuiteRunner.run(SuiteRunner.java:364)
at org.testng.SuiteRunnerWorker.runSuite(SuiteRunnerWorker.java:52)
at org.testng.SuiteRunnerWorker.run(SuiteRunnerWorker.java:84)
at org.testng.TestNG.runSuitesSequentially(TestNG.java:1208)
at org.testng.TestNG.runSuitesLocally(TestNG.java:1137)
at org.testng.TestNG.runSuites(TestNG.java:1049)
at org.testng.TestNG.run(TestNG.java:1017)
at org.testng.remote.AbstractRemoteTestNG.run(AbstractRemoteTestNG.java:115)
at org.testng.remote.RemoteTestNG.initAndRun(RemoteTestNG.java:251)
at org.testng.remote.RemoteTestNG.main(RemoteTestNG.java:77)
Caused by: java.lang.ClassNotFoundException: com.qa.preretirementcalculator.factory.DriverFactory
at java.base/jdk.internal.loader.BuiltinClassLoader.loadClass(BuiltinClassLoader.java:606)
at java.base/jdk.internal.loader.ClassLoaders$AppClassLoader.loadClass(ClassLoaders.java:168)
at java.base/java.lang.ClassLoader.loadClass(ClassLoader.java:522)
... 25 more
]]>
    </failure>
  </testcase> <!-- @BeforeTest setup -->
  <testcase classname="com.qa.preretirementcalculator.tests.RetirementCalculatorTest" name="@BeforeClass RetirementCalculatorTestSetup" time="0.0">
    <skipped/>
  </testcase> <!-- @BeforeClass RetirementCalculatorTestSetup -->
  <testcase classname="com.qa.preretirementcalculator.base.BaseTest" name="@AfterTest tearDown" time="0.0">
    <skipped/>
  </testcase> <!-- @AfterTest tearDown -->
  <testcase classname="com.qa.preretirementcalculator.tests.RetirementCalculatorTest" name="getRetirementCalculatorTitleTest" time="0.0">
    <skipped/>
  </testcase> <!-- getRetirementCalculatorTitleTest -->
  <testcase classname="com.qa.preretirementcalculator.tests.RetirementCalculatorTest" name="getRetirementCalculatorUrlTest" time="0.0">
    <skipped/>
  </testcase> <!-- getRetirementCalculatorUrlTest -->
</testsuite> <!-- RetirementCalculatorTest -->
